<?xml version="1.0" encoding="UTF-8"?>
<testng-results skipped="0" failed="0" total="1" passed="1">
  <reporter-output>
  </reporter-output>
  <suite name="TestSuite" duration-ms="18955" started-at="2015-10-13T10:27:53Z" finished-at="2015-10-13T10:28:12Z">
    <groups>
    </groups>
    <test name="Debug" duration-ms="18955" started-at="2015-10-13T10:27:53Z" finished-at="2015-10-13T10:28:12Z">
      <class name="df.tests.testA">
        <test-method status="PASS" signature="before(java.lang.String)[pri:0, instance:df.tests.testA@783e6358]" name="before" is-config="true" duration-ms="12745" started-at="2015-10-13T13:27:53Z" finished-at="2015-10-13T13:28:05Z">
          <params>
            <param index="0">
              <value>
                <![CDATA[chrome]]>
              </value>
            </param>
          </params>
          <reporter-output>
          </reporter-output>
        </test-method> <!-- before -->
        <test-method status="PASS" signature="test()[pri:0, instance:df.tests.testA@783e6358]" name="test" duration-ms="4053" started-at="2015-10-13T13:28:05Z" finished-at="2015-10-13T13:28:09Z">
          <reporter-output>
          </reporter-output>
        </test-method> <!-- test -->
        <test-method status="PASS" signature="after(java.lang.String)[pri:0, instance:df.tests.testA@783e6358]" name="after" is-config="true" duration-ms="2146" started-at="2015-10-13T13:28:09Z" finished-at="2015-10-13T13:28:12Z">
          <params>
            <param index="0">
              <value>
                <![CDATA[chrome]]>
              </value>
            </param>
          </params>
          <reporter-output>
          </reporter-output>
        </test-method> <!-- after -->
      </class> <!-- df.tests.testA -->
    </test> <!-- Debug -->
  </suite> <!-- TestSuite -->
</testng-results>
