<?xml version="1.0" encoding="UTF-8"?>
<!-- Generated by org.testng.reporters.JUnitXMLReporter -->
<testsuite hostname="WSQAICD1001n" name="RunAtIE" tests="5" failures="2" timestamp="10 Aug 2015 14:43:24 GMT" time="253.269" errors="0">
  <testcase name="verifyHeaderControls" time="0.274" classname="df.tests.HeaderTest"/>
  <testcase name="verifyLeftSideControls" time="93.326" classname="df.tests.LeftNavBarTest"/>
  <testcase name="verifyMainPanelControls" time="0.838" classname="df.tests.MainPanelTest"/>
  <testcase name="verifyDefinitionTabsControlds" time="17.657" classname="df.tests.DefinitionTabTest">
    <failure type="java.lang.AssertionError" message="The following asserts failed:
ERROR: incorrect text at Info label
------ [Detailed Test Output] ------
Verifying of Definition Tab presence
Definition Tab is present
Verify if &amp;apos;Start Preview&amp;apos; button is disabled
---Start getting value for attribut: class of element: By.xpath: .//*[@id=&amp;apos;tabDefinition&amp;apos;]//button[text()=&amp;apos;Start Preview&amp;apos;]
---Start to find element: By.xpath: .//*[@id=&amp;apos;tabDefinition&amp;apos;]//button[text()=&amp;apos;Start Preview&amp;apos;]
&amp;apos;Start Preview&amp;apos; button is disabled
Verify if &amp;apos;Clear Preview Data&amp;apos; button is disabled
---Start getting value for attribut: class of element: By.xpath: .//*[@id=&amp;apos;tabDefinition&amp;apos;]//button[text()=&amp;apos;Clear Preview Data&amp;apos;]
---Start to find element: By.xpath: .//*[@id=&amp;apos;tabDefinition&amp;apos;]//button[text()=&amp;apos;Clear Preview Data&amp;apos;]
&amp;apos;Clear Preview Data&amp;apos; button is disabled
Verify if &amp;apos;Clear All&amp;apos; button is disabled
---Start getting value for attribut: class of element: By.xpath: .//*[@id=&amp;apos;tabDefinition&amp;apos;]//button[text()=&amp;apos;Clear All&amp;apos;]
---Start to find element: By.xpath: .//*[@id=&amp;apos;tabDefinition&amp;apos;]//button[text()=&amp;apos;Clear All&amp;apos;]
&amp;apos;Clear All&amp;apos; button is disabled
Verify text at info label. Expected text: Click the &amp;apos;Start Preview&amp;apos; button above to start streaming
---Start getting text on element: By.xpath: .//*[@id=&amp;apos;tabDefinition&amp;apos;]/div[3]
---Start to find element: By.xpath: .//*[@id=&amp;apos;tabDefinition&amp;apos;]/div[3]
text &amp;apos;Click the &amp;apos;Start Preview&amp;apos; button above to start streaming&amp;apos; is present at Info Label
Select &amp;apos;Claim&amp;apos; menu item
Open template menu
---Start to click on element: By.xpath: .//*[@id=&amp;apos;app&amp;apos;]//a[@class=&amp;apos;dropdown-toggle&amp;apos;]
---Start to find element: By.xpath: .//*[@id=&amp;apos;app&amp;apos;]//a[@class=&amp;apos;dropdown-toggle&amp;apos;]
---Start to click on element: By.xpath: .//*[@class=&amp;apos;dropdown-menu&amp;apos;]//a[text()=&amp;apos;Claim&amp;apos;]
---Start to find element: By.xpath: .//*[@class=&amp;apos;dropdown-menu&amp;apos;]//a[text()=&amp;apos;Claim&amp;apos;]
Click on &amp;apos;Member&amp;apos; group header in Claim template
---Start to click on element: By.xpath: .//li[contains(@data-reactid,&amp;apos;member&amp;apos;)]/a[1]
---Start to find element: By.xpath: .//li[contains(@data-reactid,&amp;apos;member&amp;apos;)]/a[1]
Click on &amp;apos;Provider&amp;apos; group header
---Start to click on element: By.xpath: .//li[contains(@data-reactid,&amp;apos;billingProvider&amp;apos;)]/a[1]
---Start to find element: By.xpath: .//li[contains(@data-reactid,&amp;apos;billingProvider&amp;apos;)]/a[1]
Click on any field
---Start to find elements: By.xpath: .//*[contains(@class,&amp;apos;list-group-item pointer&amp;apos;)]/span[1]
---Start getting count of element: By.xpath: .//*[contains(@class,&amp;apos;list-group-item pointer&amp;apos;)]/span[1]
---Start to find elements: By.xpath: .//*[contains(@class,&amp;apos;list-group-item pointer&amp;apos;)]/span[1]
Field &amp;apos; providerClaimId&amp;apos; is selected
Get name of selected field
---Start getting text on element: By.xpath: .//*[@class=&amp;apos;pointer&amp;apos;]/span
---Start to find element: By.xpath: .//*[@class=&amp;apos;pointer&amp;apos;]/span
Definition Tab contains field &amp;apos;providerClaimId&amp;apos;
Verify if &amp;apos;Start Preview&amp;apos; button is disabled
---Start getting value for attribut: class of element: By.xpath: .//*[@id=&amp;apos;tabDefinition&amp;apos;]//button[text()=&amp;apos;Start Preview&amp;apos;]
---Start to find element: By.xpath: .//*[@id=&amp;apos;tabDefinition&amp;apos;]//button[text()=&amp;apos;Start Preview&amp;apos;]
&amp;apos;Start Preview&amp;apos; button is enable
Verify if &amp;apos;Clear Preview Data&amp;apos; button is disabled
---Start getting value for attribut: class of element: By.xpath: .//*[@id=&amp;apos;tabDefinition&amp;apos;]//button[text()=&amp;apos;Clear Preview Data&amp;apos;]
---Start to find element: By.xpath: .//*[@id=&amp;apos;tabDefinition&amp;apos;]//button[text()=&amp;apos;Clear Preview Data&amp;apos;]
&amp;apos;Clear Preview Data&amp;apos; button is disabled
Verify if &amp;apos;Clear All&amp;apos; button is disabled
---Start getting value for attribut: class of element: By.xpath: .//*[@id=&amp;apos;tabDefinition&amp;apos;]//button[text()=&amp;apos;Clear All&amp;apos;]
---Start to find element: By.xpath: .//*[@id=&amp;apos;tabDefinition&amp;apos;]//button[text()=&amp;apos;Clear All&amp;apos;]
&amp;apos;Clear All&amp;apos; button is enable
Click &amp;apos;Start Preview&amp;apos; button
---Start to click on element: By.xpath: .//*[@id=&amp;apos;tabDefinition&amp;apos;]//button[text()=&amp;apos;Start Preview&amp;apos;]
---Start to find element: By.xpath: .//*[@id=&amp;apos;tabDefinition&amp;apos;]//button[text()=&amp;apos;Start Preview&amp;apos;]
Verify text at info label. Expected text: Preview started:
---Start getting text on element: By.xpath: .//*[@id=&amp;apos;tabDefinition&amp;apos;]/div[3]
---Start to find element: By.xpath: .//*[@id=&amp;apos;tabDefinition&amp;apos;]/div[3]
---ERROR getting text at element By.xpath: .//*[@id=&amp;apos;tabDefinition&amp;apos;]/div[3]
Modal dialog present: Internal Server Error
Build info: version: &amp;apos;2.45.0&amp;apos;, revision: &amp;apos;32a636c&amp;apos;, time: &amp;apos;2015-03-05 22:01:35&amp;apos;
System info: host: &amp;apos;WSQAICD1001n&amp;apos;, ip: &amp;apos;10.30.54.67&amp;apos;, os.name: &amp;apos;Windows 7&amp;apos;, os.arch: &amp;apos;amd64&amp;apos;, os.version: &amp;apos;6.1&amp;apos;, java.version: &amp;apos;1.8.0_45&amp;apos;
Driver info: org.openqa.selenium.ie.InternetExplorerDriver
Capabilities [{browserAttachTimeout=0, enablePersistentHover=true, ie.forceCreateProcessApi=false, pageLoadStrategy=normal, ie.usePerProcessProxy=false, ignoreZoomSetting=false, handlesAlerts=true, version=10, platform=WINDOWS, nativeEvents=true, ie.ensureCleanSession=false, elementScrollBehavior=0, ie.browserCommandLineSwitches=, requireWindowFocus=false, browserName=internet explorer, initialBrowserUrl=http://localhost:8665/, takesScreenshot=true, javascriptEnabled=true, ignoreProtectedModeSettings=false, enableElementCacheCleanup=true, cssSelectorsEnabled=true, unexpectedAlertBehaviour=dismiss}]
Session ID: 9784f5e1-ce21-4e8e-b650-85d078144fad
*** Element info: {Using=xpath, value=.//*[@id=&amp;apos;tabDefinition&amp;apos;]/div[3]}
ERORR during search text &amp;apos;Preview started:&amp;apos; at Info Label
null
------ [END] ------

, ERROR: incorrect text at Info label
------ [Detailed Test Output] ------
Verifying of Definition Tab presence
Definition Tab is present
Verify if &amp;apos;Start Preview&amp;apos; button is disabled
---Start getting value for attribut: class of element: By.xpath: .//*[@id=&amp;apos;tabDefinition&amp;apos;]//button[text()=&amp;apos;Start Preview&amp;apos;]
---Start to find element: By.xpath: .//*[@id=&amp;apos;tabDefinition&amp;apos;]//button[text()=&amp;apos;Start Preview&amp;apos;]
&amp;apos;Start Preview&amp;apos; button is disabled
Verify if &amp;apos;Clear Preview Data&amp;apos; button is disabled
---Start getting value for attribut: class of element: By.xpath: .//*[@id=&amp;apos;tabDefinition&amp;apos;]//button[text()=&amp;apos;Clear Preview Data&amp;apos;]
---Start to find element: By.xpath: .//*[@id=&amp;apos;tabDefinition&amp;apos;]//button[text()=&amp;apos;Clear Preview Data&amp;apos;]
&amp;apos;Clear Preview Data&amp;apos; button is disabled
Verify if &amp;apos;Clear All&amp;apos; button is disabled
---Start getting value for attribut: class of element: By.xpath: .//*[@id=&amp;apos;tabDefinition&amp;apos;]//button[text()=&amp;apos;Clear All&amp;apos;]
---Start to find element: By.xpath: .//*[@id=&amp;apos;tabDefinition&amp;apos;]//button[text()=&amp;apos;Clear All&amp;apos;]
&amp;apos;Clear All&amp;apos; button is disabled
Verify text at info label. Expected text: Click the &amp;apos;Start Preview&amp;apos; button above to start streaming
---Start getting text on element: By.xpath: .//*[@id=&amp;apos;tabDefinition&amp;apos;]/div[3]
---Start to find element: By.xpath: .//*[@id=&amp;apos;tabDefinition&amp;apos;]/div[3]
text &amp;apos;Click the &amp;apos;Start Preview&amp;apos; button above to start streaming&amp;apos; is present at Info Label
Select &amp;apos;Claim&amp;apos; menu item
Open template menu
---Start to click on element: By.xpath: .//*[@id=&amp;apos;app&amp;apos;]//a[@class=&amp;apos;dropdown-toggle&amp;apos;]
---Start to find element: By.xpath: .//*[@id=&amp;apos;app&amp;apos;]//a[@class=&amp;apos;dropdown-toggle&amp;apos;]
---Start to click on element: By.xpath: .//*[@class=&amp;apos;dropdown-menu&amp;apos;]//a[text()=&amp;apos;Claim&amp;apos;]
---Start to find element: By.xpath: .//*[@class=&amp;apos;dropdown-menu&amp;apos;]//a[text()=&amp;apos;Claim&amp;apos;]
Click on &amp;apos;Member&amp;apos; group header in Claim template
---Start to click on element: By.xpath: .//li[contains(@data-reactid,&amp;apos;member&amp;apos;)]/a[1]
---Start to find element: By.xpath: .//li[contains(@data-reactid,&amp;apos;member&amp;apos;)]/a[1]
Click on &amp;apos;Provider&amp;apos; group header
---Start to click on element: By.xpath: .//li[contains(@data-reactid,&amp;apos;billingProvider&amp;apos;)]/a[1]
---Start to find element: By.xpath: .//li[contains(@data-reactid,&amp;apos;billingProvider&amp;apos;)]/a[1]
Click on any field
---Start to find elements: By.xpath: .//*[contains(@class,&amp;apos;list-group-item pointer&amp;apos;)]/span[1]
---Start getting count of element: By.xpath: .//*[contains(@class,&amp;apos;list-group-item pointer&amp;apos;)]/span[1]
---Start to find elements: By.xpath: .//*[contains(@class,&amp;apos;list-group-item pointer&amp;apos;)]/span[1]
Field &amp;apos; providerClaimId&amp;apos; is selected
Get name of selected field
---Start getting text on element: By.xpath: .//*[@class=&amp;apos;pointer&amp;apos;]/span
---Start to find element: By.xpath: .//*[@class=&amp;apos;pointer&amp;apos;]/span
Definition Tab contains field &amp;apos;providerClaimId&amp;apos;
Verify if &amp;apos;Start Preview&amp;apos; button is disabled
---Start getting value for attribut: class of element: By.xpath: .//*[@id=&amp;apos;tabDefinition&amp;apos;]//button[text()=&amp;apos;Start Preview&amp;apos;]
---Start to find element: By.xpath: .//*[@id=&amp;apos;tabDefinition&amp;apos;]//button[text()=&amp;apos;Start Preview&amp;apos;]
&amp;apos;Start Preview&amp;apos; button is enable
Verify if &amp;apos;Clear Preview Data&amp;apos; button is disabled
---Start getting value for attribut: class of element: By.xpath: .//*[@id=&amp;apos;tabDefinition&amp;apos;]//button[text()=&amp;apos;Clear Preview Data&amp;apos;]
---Start to find element: By.xpath: .//*[@id=&amp;apos;tabDefinition&amp;apos;]//button[text()=&amp;apos;Clear Preview Data&amp;apos;]
&amp;apos;Clear Preview Data&amp;apos; button is disabled
Verify if &amp;apos;Clear All&amp;apos; button is disabled
---Start getting value for attribut: class of element: By.xpath: .//*[@id=&amp;apos;tabDefinition&amp;apos;]//button[text()=&amp;apos;Clear All&amp;apos;]
---Start to find element: By.xpath: .//*[@id=&amp;apos;tabDefinition&amp;apos;]//button[text()=&amp;apos;Clear All&amp;apos;]
&amp;apos;Clear All&amp;apos; button is enable
Click &amp;apos;Start Preview&amp;apos; button
---Start to click on element: By.xpath: .//*[@id=&amp;apos;tabDefinition&amp;apos;]//button[text()=&amp;apos;Start Preview&amp;apos;]
---Start to find element: By.xpath: .//*[@id=&amp;apos;tabDefinition&amp;apos;]//button[text()=&amp;apos;Start Preview&amp;apos;]
Verify text at info label. Expected text: Preview started:
---Start getting text on element: By.xpath: .//*[@id=&amp;apos;tabDefinition&amp;apos;]/div[3]
---Start to find element: By.xpath: .//*[@id=&amp;apos;tabDefinition&amp;apos;]/div[3]
---ERROR getting text at element By.xpath: .//*[@id=&amp;apos;tabDefinition&amp;apos;]/div[3]
Modal dialog present: Internal Server Error
Build info: version: &amp;apos;2.45.0&amp;apos;, revision: &amp;apos;32a636c&amp;apos;, time: &amp;apos;2015-03-05 22:01:35&amp;apos;
System info: host: &amp;apos;WSQAICD1001n&amp;apos;, ip: &amp;apos;10.30.54.67&amp;apos;, os.name: &amp;apos;Windows 7&amp;apos;, os.arch: &amp;apos;amd64&amp;apos;, os.version: &amp;apos;6.1&amp;apos;, java.version: &amp;apos;1.8.0_45&amp;apos;
Driver info: org.openqa.selenium.ie.InternetExplorerDriver
Capabilities [{browserAttachTimeout=0, enablePersistentHover=true, ie.forceCreateProcessApi=false, pageLoadStrategy=normal, ie.usePerProcessProxy=false, ignoreZoomSetting=false, handlesAlerts=true, version=10, platform=WINDOWS, nativeEvents=true, ie.ensureCleanSession=false, elementScrollBehavior=0, ie.browserCommandLineSwitches=, requireWindowFocus=false, browserName=internet explorer, initialBrowserUrl=http://localhost:8665/, takesScreenshot=true, javascriptEnabled=true, ignoreProtectedModeSettings=false, enableElementCacheCleanup=true, cssSelectorsEnabled=true, unexpectedAlertBehaviour=dismiss}]
Session ID: 9784f5e1-ce21-4e8e-b650-85d078144fad
*** Element info: {Using=xpath, value=.//*[@id=&amp;apos;tabDefinition&amp;apos;]/div[3]}
ERORR during search text &amp;apos;Preview started:&amp;apos; at Info Label
null
Verify text at info label. Expected text: 17:41
---Start getting text on element: By.xpath: .//*[@id=&amp;apos;tabDefinition&amp;apos;]/div[3]
---Start to find element: By.xpath: .//*[@id=&amp;apos;tabDefinition&amp;apos;]/div[3]
text &amp;apos;17:41&amp;apos; ISN&amp;apos;T present at Info Label. Unexpected text value: Click the &amp;apos;Start Preview&amp;apos; button above to start streaming
------ [END] ------

, ERROR: incorrect text at Info label
------ [Detailed Test Output] ------
Verifying of Definition Tab presence
Definition Tab is present
Verify if &amp;apos;Start Preview&amp;apos; button is disabled
---Start getting value for attribut: class of element: By.xpath: .//*[@id=&amp;apos;tabDefinition&amp;apos;]//button[text()=&amp;apos;Start Preview&amp;apos;]
---Start to find element: By.xpath: .//*[@id=&amp;apos;tabDefinition&amp;apos;]//button[text()=&amp;apos;Start Preview&amp;apos;]
&amp;apos;Start Preview&amp;apos; button is disabled
Verify if &amp;apos;Clear Preview Data&amp;apos; button is disabled
---Start getting value for attribut: class of element: By.xpath: .//*[@id=&amp;apos;tabDefinition&amp;apos;]//button[text()=&amp;apos;Clear Preview Data&amp;apos;]
---Start to find element: By.xpath: .//*[@id=&amp;apos;tabDefinition&amp;apos;]//button[text()=&amp;apos;Clear Preview Data&amp;apos;]
&amp;apos;Clear Preview Data&amp;apos; button is disabled
Verify if &amp;apos;Clear All&amp;apos; button is disabled
---Start getting value for attribut: class of element: By.xpath: .//*[@id=&amp;apos;tabDefinition&amp;apos;]//button[text()=&amp;apos;Clear All&amp;apos;]
---Start to find element: By.xpath: .//*[@id=&amp;apos;tabDefinition&amp;apos;]//button[text()=&amp;apos;Clear All&amp;apos;]
&amp;apos;Clear All&amp;apos; button is disabled
Verify text at info label. Expected text: Click the &amp;apos;Start Preview&amp;apos; button above to start streaming
---Start getting text on element: By.xpath: .//*[@id=&amp;apos;tabDefinition&amp;apos;]/div[3]
---Start to find element: By.xpath: .//*[@id=&amp;apos;tabDefinition&amp;apos;]/div[3]
text &amp;apos;Click the &amp;apos;Start Preview&amp;apos; button above to start streaming&amp;apos; is present at Info Label
Select &amp;apos;Claim&amp;apos; menu item
Open template menu
---Start to click on element: By.xpath: .//*[@id=&amp;apos;app&amp;apos;]//a[@class=&amp;apos;dropdown-toggle&amp;apos;]
---Start to find element: By.xpath: .//*[@id=&amp;apos;app&amp;apos;]//a[@class=&amp;apos;dropdown-toggle&amp;apos;]
---Start to click on element: By.xpath: .//*[@class=&amp;apos;dropdown-menu&amp;apos;]//a[text()=&amp;apos;Claim&amp;apos;]
---Start to find element: By.xpath: .//*[@class=&amp;apos;dropdown-menu&amp;apos;]//a[text()=&amp;apos;Claim&amp;apos;]
Click on &amp;apos;Member&amp;apos; group header in Claim template
---Start to click on element: By.xpath: .//li[contains(@data-reactid,&amp;apos;member&amp;apos;)]/a[1]
---Start to find element: By.xpath: .//li[contains(@data-reactid,&amp;apos;member&amp;apos;)]/a[1]
Click on &amp;apos;Provider&amp;apos; group header
---Start to click on element: By.xpath: .//li[contains(@data-reactid,&amp;apos;billingProvider&amp;apos;)]/a[1]
---Start to find element: By.xpath: .//li[contains(@data-reactid,&amp;apos;billingProvider&amp;apos;)]/a[1]
Click on any field
---Start to find elements: By.xpath: .//*[contains(@class,&amp;apos;list-group-item pointer&amp;apos;)]/span[1]
---Start getting count of element: By.xpath: .//*[contains(@class,&amp;apos;list-group-item pointer&amp;apos;)]/span[1]
---Start to find elements: By.xpath: .//*[contains(@class,&amp;apos;list-group-item pointer&amp;apos;)]/span[1]
Field &amp;apos; providerClaimId&amp;apos; is selected
Get name of selected field
---Start getting text on element: By.xpath: .//*[@class=&amp;apos;pointer&amp;apos;]/span
---Start to find element: By.xpath: .//*[@class=&amp;apos;pointer&amp;apos;]/span
Definition Tab contains field &amp;apos;providerClaimId&amp;apos;
Verify if &amp;apos;Start Preview&amp;apos; button is disabled
---Start getting value for attribut: class of element: By.xpath: .//*[@id=&amp;apos;tabDefinition&amp;apos;]//button[text()=&amp;apos;Start Preview&amp;apos;]
---Start to find element: By.xpath: .//*[@id=&amp;apos;tabDefinition&amp;apos;]//button[text()=&amp;apos;Start Preview&amp;apos;]
&amp;apos;Start Preview&amp;apos; button is enable
Verify if &amp;apos;Clear Preview Data&amp;apos; button is disabled
---Start getting value for attribut: class of element: By.xpath: .//*[@id=&amp;apos;tabDefinition&amp;apos;]//button[text()=&amp;apos;Clear Preview Data&amp;apos;]
---Start to find element: By.xpath: .//*[@id=&amp;apos;tabDefinition&amp;apos;]//button[text()=&amp;apos;Clear Preview Data&amp;apos;]
&amp;apos;Clear Preview Data&amp;apos; button is disabled
Verify if &amp;apos;Clear All&amp;apos; button is disabled
---Start getting value for attribut: class of element: By.xpath: .//*[@id=&amp;apos;tabDefinition&amp;apos;]//button[text()=&amp;apos;Clear All&amp;apos;]
---Start to find element: By.xpath: .//*[@id=&amp;apos;tabDefinition&amp;apos;]//button[text()=&amp;apos;Clear All&amp;apos;]
&amp;apos;Clear All&amp;apos; button is enable
Click &amp;apos;Start Preview&amp;apos; button
---Start to click on element: By.xpath: .//*[@id=&amp;apos;tabDefinition&amp;apos;]//button[text()=&amp;apos;Start Preview&amp;apos;]
---Start to find element: By.xpath: .//*[@id=&amp;apos;tabDefinition&amp;apos;]//button[text()=&amp;apos;Start Preview&amp;apos;]
Verify text at info label. Expected text: Preview started:
---Start getting text on element: By.xpath: .//*[@id=&amp;apos;tabDefinition&amp;apos;]/div[3]
---Start to find element: By.xpath: .//*[@id=&amp;apos;tabDefinition&amp;apos;]/div[3]
---ERROR getting text at element By.xpath: .//*[@id=&amp;apos;tabDefinition&amp;apos;]/div[3]
Modal dialog present: Internal Server Error
Build info: version: &amp;apos;2.45.0&amp;apos;, revision: &amp;apos;32a636c&amp;apos;, time: &amp;apos;2015-03-05 22:01:35&amp;apos;
System info: host: &amp;apos;WSQAICD1001n&amp;apos;, ip: &amp;apos;10.30.54.67&amp;apos;, os.name: &amp;apos;Windows 7&amp;apos;, os.arch: &amp;apos;amd64&amp;apos;, os.version: &amp;apos;6.1&amp;apos;, java.version: &amp;apos;1.8.0_45&amp;apos;
Driver info: org.openqa.selenium.ie.InternetExplorerDriver
Capabilities [{browserAttachTimeout=0, enablePersistentHover=true, ie.forceCreateProcessApi=false, pageLoadStrategy=normal, ie.usePerProcessProxy=false, ignoreZoomSetting=false, handlesAlerts=true, version=10, platform=WINDOWS, nativeEvents=true, ie.ensureCleanSession=false, elementScrollBehavior=0, ie.browserCommandLineSwitches=, requireWindowFocus=false, browserName=internet explorer, initialBrowserUrl=http://localhost:8665/, takesScreenshot=true, javascriptEnabled=true, ignoreProtectedModeSettings=false, enableElementCacheCleanup=true, cssSelectorsEnabled=true, unexpectedAlertBehaviour=dismiss}]
Session ID: 9784f5e1-ce21-4e8e-b650-85d078144fad
*** Element info: {Using=xpath, value=.//*[@id=&amp;apos;tabDefinition&amp;apos;]/div[3]}
ERORR during search text &amp;apos;Preview started:&amp;apos; at Info Label
null
Verify text at info label. Expected text: 17:41
---Start getting text on element: By.xpath: .//*[@id=&amp;apos;tabDefinition&amp;apos;]/div[3]
---Start to find element: By.xpath: .//*[@id=&amp;apos;tabDefinition&amp;apos;]/div[3]
text &amp;apos;17:41&amp;apos; ISN&amp;apos;T present at Info Label. Unexpected text value: Click the &amp;apos;Start Preview&amp;apos; button above to start streaming
Verify text at info label. Expected text: Last record received: never
---Start getting text on element: By.xpath: .//*[@id=&amp;apos;tabDefinition&amp;apos;]/div[3]
---Start to find element: By.xpath: .//*[@id=&amp;apos;tabDefinition&amp;apos;]/div[3]
text &amp;apos;Last record received: never&amp;apos; ISN&amp;apos;T present at Info Label. Unexpected text value: Click the &amp;apos;Start Preview&amp;apos; button above to start streaming
------ [END] ------

, ERROR: &amp;apos;Clear All&amp;apos; button isn&amp;apos;t disabled
------ [Detailed Test Output] ------
Verifying of Definition Tab presence
Definition Tab is present
Verify if &amp;apos;Start Preview&amp;apos; button is disabled
---Start getting value for attribut: class of element: By.xpath: .//*[@id=&amp;apos;tabDefinition&amp;apos;]//button[text()=&amp;apos;Start Preview&amp;apos;]
---Start to find element: By.xpath: .//*[@id=&amp;apos;tabDefinition&amp;apos;]//button[text()=&amp;apos;Start Preview&amp;apos;]
&amp;apos;Start Preview&amp;apos; button is disabled
Verify if &amp;apos;Clear Preview Data&amp;apos; button is disabled
---Start getting value for attribut: class of element: By.xpath: .//*[@id=&amp;apos;tabDefinition&amp;apos;]//button[text()=&amp;apos;Clear Preview Data&amp;apos;]
---Start to find element: By.xpath: .//*[@id=&amp;apos;tabDefinition&amp;apos;]//button[text()=&amp;apos;Clear Preview Data&amp;apos;]
&amp;apos;Clear Preview Data&amp;apos; button is disabled
Verify if &amp;apos;Clear All&amp;apos; button is disabled
---Start getting value for attribut: class of element: By.xpath: .//*[@id=&amp;apos;tabDefinition&amp;apos;]//button[text()=&amp;apos;Clear All&amp;apos;]
---Start to find element: By.xpath: .//*[@id=&amp;apos;tabDefinition&amp;apos;]//button[text()=&amp;apos;Clear All&amp;apos;]
&amp;apos;Clear All&amp;apos; button is disabled
Verify text at info label. Expected text: Click the &amp;apos;Start Preview&amp;apos; button above to start streaming
---Start getting text on element: By.xpath: .//*[@id=&amp;apos;tabDefinition&amp;apos;]/div[3]
---Start to find element: By.xpath: .//*[@id=&amp;apos;tabDefinition&amp;apos;]/div[3]
text &amp;apos;Click the &amp;apos;Start Preview&amp;apos; button above to start streaming&amp;apos; is present at Info Label
Select &amp;apos;Claim&amp;apos; menu item
Open template menu
---Start to click on element: By.xpath: .//*[@id=&amp;apos;app&amp;apos;]//a[@class=&amp;apos;dropdown-toggle&amp;apos;]
---Start to find element: By.xpath: .//*[@id=&amp;apos;app&amp;apos;]//a[@class=&amp;apos;dropdown-toggle&amp;apos;]
---Start to click on element: By.xpath: .//*[@class=&amp;apos;dropdown-menu&amp;apos;]//a[text()=&amp;apos;Claim&amp;apos;]
---Start to find element: By.xpath: .//*[@class=&amp;apos;dropdown-menu&amp;apos;]//a[text()=&amp;apos;Claim&amp;apos;]
Click on &amp;apos;Member&amp;apos; group header in Claim template
---Start to click on element: By.xpath: .//li[contains(@data-reactid,&amp;apos;member&amp;apos;)]/a[1]
---Start to find element: By.xpath: .//li[contains(@data-reactid,&amp;apos;member&amp;apos;)]/a[1]
Click on &amp;apos;Provider&amp;apos; group header
---Start to click on element: By.xpath: .//li[contains(@data-reactid,&amp;apos;billingProvider&amp;apos;)]/a[1]
---Start to find element: By.xpath: .//li[contains(@data-reactid,&amp;apos;billingProvider&amp;apos;)]/a[1]
Click on any field
---Start to find elements: By.xpath: .//*[contains(@class,&amp;apos;list-group-item pointer&amp;apos;)]/span[1]
---Start getting count of element: By.xpath: .//*[contains(@class,&amp;apos;list-group-item pointer&amp;apos;)]/span[1]
---Start to find elements: By.xpath: .//*[contains(@class,&amp;apos;list-group-item pointer&amp;apos;)]/span[1]
Field &amp;apos; providerClaimId&amp;apos; is selected
Get name of selected field
---Start getting text on element: By.xpath: .//*[@class=&amp;apos;pointer&amp;apos;]/span
---Start to find element: By.xpath: .//*[@class=&amp;apos;pointer&amp;apos;]/span
Definition Tab contains field &amp;apos;providerClaimId&amp;apos;
Verify if &amp;apos;Start Preview&amp;apos; button is disabled
---Start getting value for attribut: class of element: By.xpath: .//*[@id=&amp;apos;tabDefinition&amp;apos;]//button[text()=&amp;apos;Start Preview&amp;apos;]
---Start to find element: By.xpath: .//*[@id=&amp;apos;tabDefinition&amp;apos;]//button[text()=&amp;apos;Start Preview&amp;apos;]
&amp;apos;Start Preview&amp;apos; button is enable
Verify if &amp;apos;Clear Preview Data&amp;apos; button is disabled
---Start getting value for attribut: class of element: By.xpath: .//*[@id=&amp;apos;tabDefinition&amp;apos;]//button[text()=&amp;apos;Clear Preview Data&amp;apos;]
---Start to find element: By.xpath: .//*[@id=&amp;apos;tabDefinition&amp;apos;]//button[text()=&amp;apos;Clear Preview Data&amp;apos;]
&amp;apos;Clear Preview Data&amp;apos; button is disabled
Verify if &amp;apos;Clear All&amp;apos; button is disabled
---Start getting value for attribut: class of element: By.xpath: .//*[@id=&amp;apos;tabDefinition&amp;apos;]//button[text()=&amp;apos;Clear All&amp;apos;]
---Start to find element: By.xpath: .//*[@id=&amp;apos;tabDefinition&amp;apos;]//button[text()=&amp;apos;Clear All&amp;apos;]
&amp;apos;Clear All&amp;apos; button is enable
Click &amp;apos;Start Preview&amp;apos; button
---Start to click on element: By.xpath: .//*[@id=&amp;apos;tabDefinition&amp;apos;]//button[text()=&amp;apos;Start Preview&amp;apos;]
---Start to find element: By.xpath: .//*[@id=&amp;apos;tabDefinition&amp;apos;]//button[text()=&amp;apos;Start Preview&amp;apos;]
Verify text at info label. Expected text: Preview started:
---Start getting text on element: By.xpath: .//*[@id=&amp;apos;tabDefinition&amp;apos;]/div[3]
---Start to find element: By.xpath: .//*[@id=&amp;apos;tabDefinition&amp;apos;]/div[3]
---ERROR getting text at element By.xpath: .//*[@id=&amp;apos;tabDefinition&amp;apos;]/div[3]
Modal dialog present: Internal Server Error
Build info: version: &amp;apos;2.45.0&amp;apos;, revision: &amp;apos;32a636c&amp;apos;, time: &amp;apos;2015-03-05 22:01:35&amp;apos;
System info: host: &amp;apos;WSQAICD1001n&amp;apos;, ip: &amp;apos;10.30.54.67&amp;apos;, os.name: &amp;apos;Windows 7&amp;apos;, os.arch: &amp;apos;amd64&amp;apos;, os.version: &amp;apos;6.1&amp;apos;, java.version: &amp;apos;1.8.0_45&amp;apos;
Driver info: org.openqa.selenium.ie.InternetExplorerDriver
Capabilities [{browserAttachTimeout=0, enablePersistentHover=true, ie.forceCreateProcessApi=false, pageLoadStrategy=normal, ie.usePerProcessProxy=false, ignoreZoomSetting=false, handlesAlerts=true, version=10, platform=WINDOWS, nativeEvents=true, ie.ensureCleanSession=false, elementScrollBehavior=0, ie.browserCommandLineSwitches=, requireWindowFocus=false, browserName=internet explorer, initialBrowserUrl=http://localhost:8665/, takesScreenshot=true, javascriptEnabled=true, ignoreProtectedModeSettings=false, enableElementCacheCleanup=true, cssSelectorsEnabled=true, unexpectedAlertBehaviour=dismiss}]
Session ID: 9784f5e1-ce21-4e8e-b650-85d078144fad
*** Element info: {Using=xpath, value=.//*[@id=&amp;apos;tabDefinition&amp;apos;]/div[3]}
ERORR during search text &amp;apos;Preview started:&amp;apos; at Info Label
null
Verify text at info label. Expected text: 17:41
---Start getting text on element: By.xpath: .//*[@id=&amp;apos;tabDefinition&amp;apos;]/div[3]
---Start to find element: By.xpath: .//*[@id=&amp;apos;tabDefinition&amp;apos;]/div[3]
text &amp;apos;17:41&amp;apos; ISN&amp;apos;T present at Info Label. Unexpected text value: Click the &amp;apos;Start Preview&amp;apos; button above to start streaming
Verify text at info label. Expected text: Last record received: never
---Start getting text on element: By.xpath: .//*[@id=&amp;apos;tabDefinition&amp;apos;]/div[3]
---Start to find element: By.xpath: .//*[@id=&amp;apos;tabDefinition&amp;apos;]/div[3]
text &amp;apos;Last record received: never&amp;apos; ISN&amp;apos;T present at Info Label. Unexpected text value: Click the &amp;apos;Start Preview&amp;apos; button above to start streaming
Verify if &amp;apos;Clear All&amp;apos; button is disabled
---Start getting value for attribut: class of element: By.xpath: .//*[@id=&amp;apos;tabDefinition&amp;apos;]//button[text()=&amp;apos;Clear All&amp;apos;]
---Start to find element: By.xpath: .//*[@id=&amp;apos;tabDefinition&amp;apos;]//button[text()=&amp;apos;Clear All&amp;apos;]
&amp;apos;Clear All&amp;apos; button is enable
------ [END] ------

">
      <![CDATA[java.lang.AssertionError: The following asserts failed:
ERROR: incorrect text at Info label
------ [Detailed Test Output] ------
Verifying of Definition Tab presence
Definition Tab is present
Verify if 'Start Preview' button is disabled
---Start getting value for attribut: class of element: By.xpath: .//*[@id='tabDefinition']//button[text()='Start Preview']
---Start to find element: By.xpath: .//*[@id='tabDefinition']//button[text()='Start Preview']
'Start Preview' button is disabled
Verify if 'Clear Preview Data' button is disabled
---Start getting value for attribut: class of element: By.xpath: .//*[@id='tabDefinition']//button[text()='Clear Preview Data']
---Start to find element: By.xpath: .//*[@id='tabDefinition']//button[text()='Clear Preview Data']
'Clear Preview Data' button is disabled
Verify if 'Clear All' button is disabled
---Start getting value for attribut: class of element: By.xpath: .//*[@id='tabDefinition']//button[text()='Clear All']
---Start to find element: By.xpath: .//*[@id='tabDefinition']//button[text()='Clear All']
'Clear All' button is disabled
Verify text at info label. Expected text: Click the 'Start Preview' button above to start streaming
---Start getting text on element: By.xpath: .//*[@id='tabDefinition']/div[3]
---Start to find element: By.xpath: .//*[@id='tabDefinition']/div[3]
text 'Click the 'Start Preview' button above to start streaming' is present at Info Label
Select 'Claim' menu item
Open template menu
---Start to click on element: By.xpath: .//*[@id='app']//a[@class='dropdown-toggle']
---Start to find element: By.xpath: .//*[@id='app']//a[@class='dropdown-toggle']
---Start to click on element: By.xpath: .//*[@class='dropdown-menu']//a[text()='Claim']
---Start to find element: By.xpath: .//*[@class='dropdown-menu']//a[text()='Claim']
Click on 'Member' group header in Claim template
---Start to click on element: By.xpath: .//li[contains(@data-reactid,'member')]/a[1]
---Start to find element: By.xpath: .//li[contains(@data-reactid,'member')]/a[1]
Click on 'Provider' group header
---Start to click on element: By.xpath: .//li[contains(@data-reactid,'billingProvider')]/a[1]
---Start to find element: By.xpath: .//li[contains(@data-reactid,'billingProvider')]/a[1]
Click on any field
---Start to find elements: By.xpath: .//*[contains(@class,'list-group-item pointer')]/span[1]
---Start getting count of element: By.xpath: .//*[contains(@class,'list-group-item pointer')]/span[1]
---Start to find elements: By.xpath: .//*[contains(@class,'list-group-item pointer')]/span[1]
Field ' providerClaimId' is selected
Get name of selected field
---Start getting text on element: By.xpath: .//*[@class='pointer']/span
---Start to find element: By.xpath: .//*[@class='pointer']/span
Definition Tab contains field 'providerClaimId'
Verify if 'Start Preview' button is disabled
---Start getting value for attribut: class of element: By.xpath: .//*[@id='tabDefinition']//button[text()='Start Preview']
---Start to find element: By.xpath: .//*[@id='tabDefinition']//button[text()='Start Preview']
'Start Preview' button is enable
Verify if 'Clear Preview Data' button is disabled
---Start getting value for attribut: class of element: By.xpath: .//*[@id='tabDefinition']//button[text()='Clear Preview Data']
---Start to find element: By.xpath: .//*[@id='tabDefinition']//button[text()='Clear Preview Data']
'Clear Preview Data' button is disabled
Verify if 'Clear All' button is disabled
---Start getting value for attribut: class of element: By.xpath: .//*[@id='tabDefinition']//button[text()='Clear All']
---Start to find element: By.xpath: .//*[@id='tabDefinition']//button[text()='Clear All']
'Clear All' button is enable
Click 'Start Preview' button
---Start to click on element: By.xpath: .//*[@id='tabDefinition']//button[text()='Start Preview']
---Start to find element: By.xpath: .//*[@id='tabDefinition']//button[text()='Start Preview']
Verify text at info label. Expected text: Preview started:
---Start getting text on element: By.xpath: .//*[@id='tabDefinition']/div[3]
---Start to find element: By.xpath: .//*[@id='tabDefinition']/div[3]
---ERROR getting text at element By.xpath: .//*[@id='tabDefinition']/div[3]
Modal dialog present: Internal Server Error
Build info: version: '2.45.0', revision: '32a636c', time: '2015-03-05 22:01:35'
System info: host: 'WSQAICD1001n', ip: '10.30.54.67', os.name: 'Windows 7', os.arch: 'amd64', os.version: '6.1', java.version: '1.8.0_45'
Driver info: org.openqa.selenium.ie.InternetExplorerDriver
Capabilities [{browserAttachTimeout=0, enablePersistentHover=true, ie.forceCreateProcessApi=false, pageLoadStrategy=normal, ie.usePerProcessProxy=false, ignoreZoomSetting=false, handlesAlerts=true, version=10, platform=WINDOWS, nativeEvents=true, ie.ensureCleanSession=false, elementScrollBehavior=0, ie.browserCommandLineSwitches=, requireWindowFocus=false, browserName=internet explorer, initialBrowserUrl=http://localhost:8665/, takesScreenshot=true, javascriptEnabled=true, ignoreProtectedModeSettings=false, enableElementCacheCleanup=true, cssSelectorsEnabled=true, unexpectedAlertBehaviour=dismiss}]
Session ID: 9784f5e1-ce21-4e8e-b650-85d078144fad
*** Element info: {Using=xpath, value=.//*[@id='tabDefinition']/div[3]}
ERORR during search text 'Preview started:' at Info Label
null
------ [END] ------

, ERROR: incorrect text at Info label
------ [Detailed Test Output] ------
Verifying of Definition Tab presence
Definition Tab is present
Verify if 'Start Preview' button is disabled
---Start getting value for attribut: class of element: By.xpath: .//*[@id='tabDefinition']//button[text()='Start Preview']
---Start to find element: By.xpath: .//*[@id='tabDefinition']//button[text()='Start Preview']
'Start Preview' button is disabled
Verify if 'Clear Preview Data' button is disabled
---Start getting value for attribut: class of element: By.xpath: .//*[@id='tabDefinition']//button[text()='Clear Preview Data']
---Start to find element: By.xpath: .//*[@id='tabDefinition']//button[text()='Clear Preview Data']
'Clear Preview Data' button is disabled
Verify if 'Clear All' button is disabled
---Start getting value for attribut: class of element: By.xpath: .//*[@id='tabDefinition']//button[text()='Clear All']
---Start to find element: By.xpath: .//*[@id='tabDefinition']//button[text()='Clear All']
'Clear All' button is disabled
Verify text at info label. Expected text: Click the 'Start Preview' button above to start streaming
---Start getting text on element: By.xpath: .//*[@id='tabDefinition']/div[3]
---Start to find element: By.xpath: .//*[@id='tabDefinition']/div[3]
text 'Click the 'Start Preview' button above to start streaming' is present at Info Label
Select 'Claim' menu item
Open template menu
---Start to click on element: By.xpath: .//*[@id='app']//a[@class='dropdown-toggle']
---Start to find element: By.xpath: .//*[@id='app']//a[@class='dropdown-toggle']
---Start to click on element: By.xpath: .//*[@class='dropdown-menu']//a[text()='Claim']
---Start to find element: By.xpath: .//*[@class='dropdown-menu']//a[text()='Claim']
Click on 'Member' group header in Claim template
---Start to click on element: By.xpath: .//li[contains(@data-reactid,'member')]/a[1]
---Start to find element: By.xpath: .//li[contains(@data-reactid,'member')]/a[1]
Click on 'Provider' group header
---Start to click on element: By.xpath: .//li[contains(@data-reactid,'billingProvider')]/a[1]
---Start to find element: By.xpath: .//li[contains(@data-reactid,'billingProvider')]/a[1]
Click on any field
---Start to find elements: By.xpath: .//*[contains(@class,'list-group-item pointer')]/span[1]
---Start getting count of element: By.xpath: .//*[contains(@class,'list-group-item pointer')]/span[1]
---Start to find elements: By.xpath: .//*[contains(@class,'list-group-item pointer')]/span[1]
Field ' providerClaimId' is selected
Get name of selected field
---Start getting text on element: By.xpath: .//*[@class='pointer']/span
---Start to find element: By.xpath: .//*[@class='pointer']/span
Definition Tab contains field 'providerClaimId'
Verify if 'Start Preview' button is disabled
---Start getting value for attribut: class of element: By.xpath: .//*[@id='tabDefinition']//button[text()='Start Preview']
---Start to find element: By.xpath: .//*[@id='tabDefinition']//button[text()='Start Preview']
'Start Preview' button is enable
Verify if 'Clear Preview Data' button is disabled
---Start getting value for attribut: class of element: By.xpath: .//*[@id='tabDefinition']//button[text()='Clear Preview Data']
---Start to find element: By.xpath: .//*[@id='tabDefinition']//button[text()='Clear Preview Data']
'Clear Preview Data' button is disabled
Verify if 'Clear All' button is disabled
---Start getting value for attribut: class of element: By.xpath: .//*[@id='tabDefinition']//button[text()='Clear All']
---Start to find element: By.xpath: .//*[@id='tabDefinition']//button[text()='Clear All']
'Clear All' button is enable
Click 'Start Preview' button
---Start to click on element: By.xpath: .//*[@id='tabDefinition']//button[text()='Start Preview']
---Start to find element: By.xpath: .//*[@id='tabDefinition']//button[text()='Start Preview']
Verify text at info label. Expected text: Preview started:
---Start getting text on element: By.xpath: .//*[@id='tabDefinition']/div[3]
---Start to find element: By.xpath: .//*[@id='tabDefinition']/div[3]
---ERROR getting text at element By.xpath: .//*[@id='tabDefinition']/div[3]
Modal dialog present: Internal Server Error
Build info: version: '2.45.0', revision: '32a636c', time: '2015-03-05 22:01:35'
System info: host: 'WSQAICD1001n', ip: '10.30.54.67', os.name: 'Windows 7', os.arch: 'amd64', os.version: '6.1', java.version: '1.8.0_45'
Driver info: org.openqa.selenium.ie.InternetExplorerDriver
Capabilities [{browserAttachTimeout=0, enablePersistentHover=true, ie.forceCreateProcessApi=false, pageLoadStrategy=normal, ie.usePerProcessProxy=false, ignoreZoomSetting=false, handlesAlerts=true, version=10, platform=WINDOWS, nativeEvents=true, ie.ensureCleanSession=false, elementScrollBehavior=0, ie.browserCommandLineSwitches=, requireWindowFocus=false, browserName=internet explorer, initialBrowserUrl=http://localhost:8665/, takesScreenshot=true, javascriptEnabled=true, ignoreProtectedModeSettings=false, enableElementCacheCleanup=true, cssSelectorsEnabled=true, unexpectedAlertBehaviour=dismiss}]
Session ID: 9784f5e1-ce21-4e8e-b650-85d078144fad
*** Element info: {Using=xpath, value=.//*[@id='tabDefinition']/div[3]}
ERORR during search text 'Preview started:' at Info Label
null
Verify text at info label. Expected text: 17:41
---Start getting text on element: By.xpath: .//*[@id='tabDefinition']/div[3]
---Start to find element: By.xpath: .//*[@id='tabDefinition']/div[3]
text '17:41' ISN'T present at Info Label. Unexpected text value: Click the 'Start Preview' button above to start streaming
------ [END] ------

, ERROR: incorrect text at Info label
------ [Detailed Test Output] ------
Verifying of Definition Tab presence
Definition Tab is present
Verify if 'Start Preview' button is disabled
---Start getting value for attribut: class of element: By.xpath: .//*[@id='tabDefinition']//button[text()='Start Preview']
---Start to find element: By.xpath: .//*[@id='tabDefinition']//button[text()='Start Preview']
'Start Preview' button is disabled
Verify if 'Clear Preview Data' button is disabled
---Start getting value for attribut: class of element: By.xpath: .//*[@id='tabDefinition']//button[text()='Clear Preview Data']
---Start to find element: By.xpath: .//*[@id='tabDefinition']//button[text()='Clear Preview Data']
'Clear Preview Data' button is disabled
Verify if 'Clear All' button is disabled
---Start getting value for attribut: class of element: By.xpath: .//*[@id='tabDefinition']//button[text()='Clear All']
---Start to find element: By.xpath: .//*[@id='tabDefinition']//button[text()='Clear All']
'Clear All' button is disabled
Verify text at info label. Expected text: Click the 'Start Preview' button above to start streaming
---Start getting text on element: By.xpath: .//*[@id='tabDefinition']/div[3]
---Start to find element: By.xpath: .//*[@id='tabDefinition']/div[3]
text 'Click the 'Start Preview' button above to start streaming' is present at Info Label
Select 'Claim' menu item
Open template menu
---Start to click on element: By.xpath: .//*[@id='app']//a[@class='dropdown-toggle']
---Start to find element: By.xpath: .//*[@id='app']//a[@class='dropdown-toggle']
---Start to click on element: By.xpath: .//*[@class='dropdown-menu']//a[text()='Claim']
---Start to find element: By.xpath: .//*[@class='dropdown-menu']//a[text()='Claim']
Click on 'Member' group header in Claim template
---Start to click on element: By.xpath: .//li[contains(@data-reactid,'member')]/a[1]
---Start to find element: By.xpath: .//li[contains(@data-reactid,'member')]/a[1]
Click on 'Provider' group header
---Start to click on element: By.xpath: .//li[contains(@data-reactid,'billingProvider')]/a[1]
---Start to find element: By.xpath: .//li[contains(@data-reactid,'billingProvider')]/a[1]
Click on any field
---Start to find elements: By.xpath: .//*[contains(@class,'list-group-item pointer')]/span[1]
---Start getting count of element: By.xpath: .//*[contains(@class,'list-group-item pointer')]/span[1]
---Start to find elements: By.xpath: .//*[contains(@class,'list-group-item pointer')]/span[1]
Field ' providerClaimId' is selected
Get name of selected field
---Start getting text on element: By.xpath: .//*[@class='pointer']/span
---Start to find element: By.xpath: .//*[@class='pointer']/span
Definition Tab contains field 'providerClaimId'
Verify if 'Start Preview' button is disabled
---Start getting value for attribut: class of element: By.xpath: .//*[@id='tabDefinition']//button[text()='Start Preview']
---Start to find element: By.xpath: .//*[@id='tabDefinition']//button[text()='Start Preview']
'Start Preview' button is enable
Verify if 'Clear Preview Data' button is disabled
---Start getting value for attribut: class of element: By.xpath: .//*[@id='tabDefinition']//button[text()='Clear Preview Data']
---Start to find element: By.xpath: .//*[@id='tabDefinition']//button[text()='Clear Preview Data']
'Clear Preview Data' button is disabled
Verify if 'Clear All' button is disabled
---Start getting value for attribut: class of element: By.xpath: .//*[@id='tabDefinition']//button[text()='Clear All']
---Start to find element: By.xpath: .//*[@id='tabDefinition']//button[text()='Clear All']
'Clear All' button is enable
Click 'Start Preview' button
---Start to click on element: By.xpath: .//*[@id='tabDefinition']//button[text()='Start Preview']
---Start to find element: By.xpath: .//*[@id='tabDefinition']//button[text()='Start Preview']
Verify text at info label. Expected text: Preview started:
---Start getting text on element: By.xpath: .//*[@id='tabDefinition']/div[3]
---Start to find element: By.xpath: .//*[@id='tabDefinition']/div[3]
---ERROR getting text at element By.xpath: .//*[@id='tabDefinition']/div[3]
Modal dialog present: Internal Server Error
Build info: version: '2.45.0', revision: '32a636c', time: '2015-03-05 22:01:35'
System info: host: 'WSQAICD1001n', ip: '10.30.54.67', os.name: 'Windows 7', os.arch: 'amd64', os.version: '6.1', java.version: '1.8.0_45'
Driver info: org.openqa.selenium.ie.InternetExplorerDriver
Capabilities [{browserAttachTimeout=0, enablePersistentHover=true, ie.forceCreateProcessApi=false, pageLoadStrategy=normal, ie.usePerProcessProxy=false, ignoreZoomSetting=false, handlesAlerts=true, version=10, platform=WINDOWS, nativeEvents=true, ie.ensureCleanSession=false, elementScrollBehavior=0, ie.browserCommandLineSwitches=, requireWindowFocus=false, browserName=internet explorer, initialBrowserUrl=http://localhost:8665/, takesScreenshot=true, javascriptEnabled=true, ignoreProtectedModeSettings=false, enableElementCacheCleanup=true, cssSelectorsEnabled=true, unexpectedAlertBehaviour=dismiss}]
Session ID: 9784f5e1-ce21-4e8e-b650-85d078144fad
*** Element info: {Using=xpath, value=.//*[@id='tabDefinition']/div[3]}
ERORR during search text 'Preview started:' at Info Label
null
Verify text at info label. Expected text: 17:41
---Start getting text on element: By.xpath: .//*[@id='tabDefinition']/div[3]
---Start to find element: By.xpath: .//*[@id='tabDefinition']/div[3]
text '17:41' ISN'T present at Info Label. Unexpected text value: Click the 'Start Preview' button above to start streaming
Verify text at info label. Expected text: Last record received: never
---Start getting text on element: By.xpath: .//*[@id='tabDefinition']/div[3]
---Start to find element: By.xpath: .//*[@id='tabDefinition']/div[3]
text 'Last record received: never' ISN'T present at Info Label. Unexpected text value: Click the 'Start Preview' button above to start streaming
------ [END] ------

, ERROR: 'Clear All' button isn't disabled
------ [Detailed Test Output] ------
Verifying of Definition Tab presence
Definition Tab is present
Verify if 'Start Preview' button is disabled
---Start getting value for attribut: class of element: By.xpath: .//*[@id='tabDefinition']//button[text()='Start Preview']
---Start to find element: By.xpath: .//*[@id='tabDefinition']//button[text()='Start Preview']
'Start Preview' button is disabled
Verify if 'Clear Preview Data' button is disabled
---Start getting value for attribut: class of element: By.xpath: .//*[@id='tabDefinition']//button[text()='Clear Preview Data']
---Start to find element: By.xpath: .//*[@id='tabDefinition']//button[text()='Clear Preview Data']
'Clear Preview Data' button is disabled
Verify if 'Clear All' button is disabled
---Start getting value for attribut: class of element: By.xpath: .//*[@id='tabDefinition']//button[text()='Clear All']
---Start to find element: By.xpath: .//*[@id='tabDefinition']//button[text()='Clear All']
'Clear All' button is disabled
Verify text at info label. Expected text: Click the 'Start Preview' button above to start streaming
---Start getting text on element: By.xpath: .//*[@id='tabDefinition']/div[3]
---Start to find element: By.xpath: .//*[@id='tabDefinition']/div[3]
text 'Click the 'Start Preview' button above to start streaming' is present at Info Label
Select 'Claim' menu item
Open template menu
---Start to click on element: By.xpath: .//*[@id='app']//a[@class='dropdown-toggle']
---Start to find element: By.xpath: .//*[@id='app']//a[@class='dropdown-toggle']
---Start to click on element: By.xpath: .//*[@class='dropdown-menu']//a[text()='Claim']
---Start to find element: By.xpath: .//*[@class='dropdown-menu']//a[text()='Claim']
Click on 'Member' group header in Claim template
---Start to click on element: By.xpath: .//li[contains(@data-reactid,'member')]/a[1]
---Start to find element: By.xpath: .//li[contains(@data-reactid,'member')]/a[1]
Click on 'Provider' group header
---Start to click on element: By.xpath: .//li[contains(@data-reactid,'billingProvider')]/a[1]
---Start to find element: By.xpath: .//li[contains(@data-reactid,'billingProvider')]/a[1]
Click on any field
---Start to find elements: By.xpath: .//*[contains(@class,'list-group-item pointer')]/span[1]
---Start getting count of element: By.xpath: .//*[contains(@class,'list-group-item pointer')]/span[1]
---Start to find elements: By.xpath: .//*[contains(@class,'list-group-item pointer')]/span[1]
Field ' providerClaimId' is selected
Get name of selected field
---Start getting text on element: By.xpath: .//*[@class='pointer']/span
---Start to find element: By.xpath: .//*[@class='pointer']/span
Definition Tab contains field 'providerClaimId'
Verify if 'Start Preview' button is disabled
---Start getting value for attribut: class of element: By.xpath: .//*[@id='tabDefinition']//button[text()='Start Preview']
---Start to find element: By.xpath: .//*[@id='tabDefinition']//button[text()='Start Preview']
'Start Preview' button is enable
Verify if 'Clear Preview Data' button is disabled
---Start getting value for attribut: class of element: By.xpath: .//*[@id='tabDefinition']//button[text()='Clear Preview Data']
---Start to find element: By.xpath: .//*[@id='tabDefinition']//button[text()='Clear Preview Data']
'Clear Preview Data' button is disabled
Verify if 'Clear All' button is disabled
---Start getting value for attribut: class of element: By.xpath: .//*[@id='tabDefinition']//button[text()='Clear All']
---Start to find element: By.xpath: .//*[@id='tabDefinition']//button[text()='Clear All']
'Clear All' button is enable
Click 'Start Preview' button
---Start to click on element: By.xpath: .//*[@id='tabDefinition']//button[text()='Start Preview']
---Start to find element: By.xpath: .//*[@id='tabDefinition']//button[text()='Start Preview']
Verify text at info label. Expected text: Preview started:
---Start getting text on element: By.xpath: .//*[@id='tabDefinition']/div[3]
---Start to find element: By.xpath: .//*[@id='tabDefinition']/div[3]
---ERROR getting text at element By.xpath: .//*[@id='tabDefinition']/div[3]
Modal dialog present: Internal Server Error
Build info: version: '2.45.0', revision: '32a636c', time: '2015-03-05 22:01:35'
System info: host: 'WSQAICD1001n', ip: '10.30.54.67', os.name: 'Windows 7', os.arch: 'amd64', os.version: '6.1', java.version: '1.8.0_45'
Driver info: org.openqa.selenium.ie.InternetExplorerDriver
Capabilities [{browserAttachTimeout=0, enablePersistentHover=true, ie.forceCreateProcessApi=false, pageLoadStrategy=normal, ie.usePerProcessProxy=false, ignoreZoomSetting=false, handlesAlerts=true, version=10, platform=WINDOWS, nativeEvents=true, ie.ensureCleanSession=false, elementScrollBehavior=0, ie.browserCommandLineSwitches=, requireWindowFocus=false, browserName=internet explorer, initialBrowserUrl=http://localhost:8665/, takesScreenshot=true, javascriptEnabled=true, ignoreProtectedModeSettings=false, enableElementCacheCleanup=true, cssSelectorsEnabled=true, unexpectedAlertBehaviour=dismiss}]
Session ID: 9784f5e1-ce21-4e8e-b650-85d078144fad
*** Element info: {Using=xpath, value=.//*[@id='tabDefinition']/div[3]}
ERORR during search text 'Preview started:' at Info Label
null
Verify text at info label. Expected text: 17:41
---Start getting text on element: By.xpath: .//*[@id='tabDefinition']/div[3]
---Start to find element: By.xpath: .//*[@id='tabDefinition']/div[3]
text '17:41' ISN'T present at Info Label. Unexpected text value: Click the 'Start Preview' button above to start streaming
Verify text at info label. Expected text: Last record received: never
---Start getting text on element: By.xpath: .//*[@id='tabDefinition']/div[3]
---Start to find element: By.xpath: .//*[@id='tabDefinition']/div[3]
text 'Last record received: never' ISN'T present at Info Label. Unexpected text value: Click the 'Start Preview' button above to start streaming
Verify if 'Clear All' button is disabled
---Start getting value for attribut: class of element: By.xpath: .//*[@id='tabDefinition']//button[text()='Clear All']
---Start to find element: By.xpath: .//*[@id='tabDefinition']//button[text()='Clear All']
'Clear All' button is enable
------ [END] ------


	at df.tests.DefinitionTabTest.verifyDefinitionTabsControlds(DefinitionTabTest.java:77)
... Removed 25 stack frames]]>
    </failure>
  </testcase> <!-- verifyDefinitionTabsControlds -->
  <testcase name="verifyFiltersControlds" time="103.22" classname="df.tests.FiltersTest">
    <failure type="java.lang.AssertionError" message="The following asserts failed:
ERROR: number of filtrable fields isn&amp;apos;t 23
------ [Detailed Test Output] ------
Select &amp;apos;Claim&amp;apos; menu item
Open template menu
---Start to click on element: By.xpath: .//*[@id=&amp;apos;app&amp;apos;]//a[@class=&amp;apos;dropdown-toggle&amp;apos;]
---Start to find element: By.xpath: .//*[@id=&amp;apos;app&amp;apos;]//a[@class=&amp;apos;dropdown-toggle&amp;apos;]
---Start to click on element: By.xpath: .//*[@class=&amp;apos;dropdown-menu&amp;apos;]//a[text()=&amp;apos;Claim&amp;apos;]
---Start to find element: By.xpath: .//*[@class=&amp;apos;dropdown-menu&amp;apos;]//a[text()=&amp;apos;Claim&amp;apos;]
Click on &amp;apos;Member&amp;apos; group header in Claim template
---Start to click on element: By.xpath: .//li[contains(@data-reactid,&amp;apos;member&amp;apos;)]/a[1]
---Start to find element: By.xpath: .//li[contains(@data-reactid,&amp;apos;member&amp;apos;)]/a[1]
Click on &amp;apos;Provider&amp;apos; group header
---Start to click on element: By.xpath: .//li[contains(@data-reactid,&amp;apos;billingProvider&amp;apos;)]/a[1]
---Start to find element: By.xpath: .//li[contains(@data-reactid,&amp;apos;billingProvider&amp;apos;)]/a[1]
Count number of filters
---Start getting count of element: By.xpath: .//*[@class=&amp;apos;glyphicon icon-add-filter&amp;apos;]
---Start to find elements: By.xpath: .//*[@class=&amp;apos;glyphicon icon-add-filter&amp;apos;]
78 filters found
------ [END] ------

">
      <![CDATA[java.lang.AssertionError: The following asserts failed:
ERROR: number of filtrable fields isn't 23
------ [Detailed Test Output] ------
Select 'Claim' menu item
Open template menu
---Start to click on element: By.xpath: .//*[@id='app']//a[@class='dropdown-toggle']
---Start to find element: By.xpath: .//*[@id='app']//a[@class='dropdown-toggle']
---Start to click on element: By.xpath: .//*[@class='dropdown-menu']//a[text()='Claim']
---Start to find element: By.xpath: .//*[@class='dropdown-menu']//a[text()='Claim']
Click on 'Member' group header in Claim template
---Start to click on element: By.xpath: .//li[contains(@data-reactid,'member')]/a[1]
---Start to find element: By.xpath: .//li[contains(@data-reactid,'member')]/a[1]
Click on 'Provider' group header
---Start to click on element: By.xpath: .//li[contains(@data-reactid,'billingProvider')]/a[1]
---Start to find element: By.xpath: .//li[contains(@data-reactid,'billingProvider')]/a[1]
Count number of filters
---Start getting count of element: By.xpath: .//*[@class='glyphicon icon-add-filter']
---Start to find elements: By.xpath: .//*[@class='glyphicon icon-add-filter']
78 filters found
------ [END] ------


	at df.tests.FiltersTest.verifyFiltersControlds(FiltersTest.java:74)
... Removed 25 stack frames]]>
    </failure>
  </testcase> <!-- verifyFiltersControlds -->
</testsuite> <!-- RunAtIE -->
